[debug] [2021-10-06T08:56:39.605Z] ----------------------------------------------------------------------
[debug] [2021-10-06T08:56:39.610Z] Command:       C:\Program Files\nodejs\node.exe C:\Users\Haris\AppData\Roaming\npm\node_modules\firebase-tools\lib\bin\firebase.js init
[debug] [2021-10-06T08:56:39.610Z] CLI Version:   9.19.0
[debug] [2021-10-06T08:56:39.610Z] Platform:      win32
[debug] [2021-10-06T08:56:39.610Z] Node Version:  v14.18.0
[debug] [2021-10-06T08:56:39.611Z] Time:          Wed Oct 06 2021 01:56:39 GMT-0700 (Pacific Daylight Time)
[debug] [2021-10-06T08:56:39.612Z] ----------------------------------------------------------------------
[debug] 
[debug] [2021-10-06T08:56:39.620Z] > command requires scopes: ["email","openid","https://www.googleapis.com/auth/cloudplatformprojects.readonly","https://www.googleapis.com/auth/firebase","https://www.googleapis.com/auth/cloud-platform"]
[debug] [2021-10-06T08:56:39.621Z] > authorizing via signed-in user (djngpython@gmail.com)
[info] 
     ######## #### ########  ######## ########     ###     ######  ########
     ##        ##  ##     ## ##       ##     ##  ##   ##  ##       ##
     ######    ##  ########  ######   ########  #########  ######  ######
     ##        ##  ##    ##  ##       ##     ## ##     ##       ## ##
     ##       #### ##     ## ######## ########  ##     ##  ######  ########

You're about to initialize a Firebase project in this directory:

  D:\2) Codes\TikTok-Clone-MERN\frontend-tiktok

[info] 
=== Project Setup
[info] 
[info] First, let's associate this project directory with a Firebase project.
[info] You can create multiple project aliases by running firebase use --add, 
[info] but for now we'll just set up a default project.
[info] 
[debug] [2021-10-06T08:56:45.180Z] >>> [apiv2][query] GET https://firebase.googleapis.com/v1beta1/projects pageSize=100
[debug] [2021-10-06T08:56:46.664Z] <<< [apiv2][status] GET https://firebase.googleapis.com/v1beta1/projects 200
[debug] [2021-10-06T08:56:46.665Z] <<< [apiv2][body] GET https://firebase.googleapis.com/v1beta1/projects [omitted]
[info] i  Using project tiktokclone-02 (tiktokclone) 
[info] 
=== Hosting Setup
[info] 
[info] Your public directory is the folder (relative to your project directory) that
[info] will contain Hosting assets to be uploaded with firebase deploy. If you
[info] have a build process for your assets, use your build's output directory.
[info] 
[debug] [2021-10-06T08:56:55.215Z] >>> [apiv2][query] GET https://www.gstatic.com/firebasejs/releases.json [none]
[debug] [2021-10-06T08:56:56.197Z] <<< [apiv2][status] GET https://www.gstatic.com/firebasejs/releases.json 200
[debug] [2021-10-06T08:56:56.197Z] <<< [apiv2][body] GET https://www.gstatic.com/firebasejs/releases.json {"current":{"version":"9.1.1","browserURL":"https://www.gstatic.com/firebasejs/9.1.1/firebase.js","packageURL":"https://www.gstatic.com/firebasejs/9.1.1/firebase.tgz"},"live":{"version":"9.1","browserURL":"https://www.gstatic.com/firebasejs/live/9.1/firebase.js","packageURL":"https://www.gstatic.com/firebasejs/live/9.1/firebase.tgz"},"components":{"analytics":"https://www.gstatic.com/firebasejs/9.1.1/firebase-analytics.js","app":"https://www.gstatic.com/firebasejs/9.1.1/firebase-app.js","app-check":"https://www.gstatic.com/firebasejs/9.1.1/firebase-app-check.js","auth":"https://www.gstatic.com/firebasejs/9.1.1/firebase-auth.js","auth/cordova":"https://www.gstatic.com/firebasejs/9.1.1/firebase-auth/cordova.js","auth/react-native":"https://www.gstatic.com/firebasejs/9.1.1/firebase-auth/react-native.js","functions":"https://www.gstatic.com/firebasejs/9.1.1/firebase-functions.js","firestore":"https://www.gstatic.com/firebasejs/9.1.1/firebase-firestore.js","firestore/lite":"https://www.gstatic.com/firebasejs/9.1.1/firebase-firestore/lite.js","storage":"https://www.gstatic.com/firebasejs/9.1.1/firebase-storage.js","performance":"https://www.gstatic.com/firebasejs/9.1.1/firebase-performance.js","remote-config":"https://www.gstatic.com/firebasejs/9.1.1/firebase-remote-config.js","messaging":"https://www.gstatic.com/firebasejs/9.1.1/firebase-messaging.js","messaging/sw":"https://www.gstatic.com/firebasejs/9.1.1/firebase-messaging/sw.js","database":"https://www.gstatic.com/firebasejs/9.1.1/firebase-database.js","firestore.memory":"https://www.gstatic.com/firebasejs/9.1.1/firebase-firestore.memory.js"}}
[info] +  Wrote builf/index.html 
[info] 
[info] i  Detected a .git folder at D:\2) Codes\TikTok-Clone-MERN 
[info] i  Authorizing with GitHub to upload your service account to a GitHub repository's secrets store. 
[info] 
[info] Visit this URL on this device to log in:
[info] https://github.com/login/oauth/authorize?client_id=89cf50f02ac6aaed3484&state=1039234474&redirect_uri=http%3A%2F%2Flocalhost%3A9005&scope=read%3Auser%20repo%20public_repo
[info] 
[info] Waiting for authentication...
[debug] [2021-10-06T08:56:56.981Z] >>> HTTP REQUEST POST https://github.com/login/oauth/access_token  
 {"client_id":"89cf50f02ac6aaed3484","client_secret":"3330d14abc895d9a74d5f17cd7a00711fa2c5bf0","code":"8c9aa66e99c5571a7e4b","redirect_uri":"http://localhost:9005","state":"1039234474"}
[debug] [2021-10-06T08:56:57.514Z] <<< HTTP RESPONSE 200 {"server":"GitHub.com","date":"Wed, 06 Oct 2021 08:56:49 GMT","content-type":"application/json; charset=utf-8","transfer-encoding":"chunked","vary":"X-PJAX, X-PJAX-Container, Accept-Encoding, Accept, X-Requested-With","permissions-policy":"interest-cohort=()","etag":"W/\"7a2be6dd918b0ae2308ee7034a908a8d\"","cache-control":"max-age=0, private, must-revalidate","strict-transport-security":"max-age=31536000; includeSubdomains; preload","x-frame-options":"deny","x-content-type-options":"nosniff","x-xss-protection":"0","referrer-policy":"origin-when-cross-origin, strict-origin-when-cross-origin","expect-ct":"max-age=2592000, report-uri=\"https://api.github.com/_private/browser/errors\"","content-security-policy":"default-src 'none'; base-uri 'self'; block-all-mixed-content; child-src github.com/assets-cdn/worker/ gist.github.com/assets-cdn/worker/; connect-src 'self' uploads.github.com www.githubstatus.com collector.githubapp.com api.github.com github-cloud.s3.amazonaws.com github-production-repository-file-5c1aeb.s3.amazonaws.com github-production-upload-manifest-file-7fdce7.s3.amazonaws.com github-production-user-asset-6210df.s3.amazonaws.com cdn.optimizely.com logx.optimizely.com/v1/events translator.github.com wss://alive.github.com; font-src github.githubassets.com; form-action 'self' github.com gist.github.com; frame-ancestors 'none'; frame-src render.githubusercontent.com viewscreen.githubusercontent.com viewscreen-lab.githubusercontent.com; img-src 'self' data: github.githubassets.com identicons.github.com collector.githubapp.com github-cloud.s3.amazonaws.com secured-user-images.githubusercontent.com/ *.githubusercontent.com; manifest-src 'self'; media-src github.com user-images.githubusercontent.com/; script-src github.githubassets.com; style-src 'unsafe-inline' github.githubassets.com; worker-src github.com/assets-cdn/worker/ gist.github.com/assets-cdn/worker/ github.com/socket-worker-0af8a29d.js gist.github.com/socket-worker-0af8a29d.js","x-github-request-id":"F73D:595C:3632BA:441D2B:615D64D1"}
[debug] [2021-10-06T08:56:57.580Z] >>> [apiv2][query] GET https://api.github.com/user [none]
[debug] [2021-10-06T08:56:58.437Z] <<< [apiv2][status] GET https://api.github.com/user 200
[debug] [2021-10-06T08:56:58.438Z] <<< [apiv2][body] GET https://api.github.com/user {"login":"haris18896","id":62644887,"node_id":"MDQ6VXNlcjYyNjQ0ODg3","avatar_url":"https://avatars.githubusercontent.com/u/62644887?v=4","gravatar_id":"","url":"https://api.github.com/users/haris18896","html_url":"https://github.com/haris18896","followers_url":"https://api.github.com/users/haris18896/followers","following_url":"https://api.github.com/users/haris18896/following{/other_user}","gists_url":"https://api.github.com/users/haris18896/gists{/gist_id}","starred_url":"https://api.github.com/users/haris18896/starred{/owner}{/repo}","subscriptions_url":"https://api.github.com/users/haris18896/subscriptions","organizations_url":"https://api.github.com/users/haris18896/orgs","repos_url":"https://api.github.com/users/haris18896/repos","events_url":"https://api.github.com/users/haris18896/events{/privacy}","received_events_url":"https://api.github.com/users/haris18896/received_events","type":"User","site_admin":false,"name":"Haris Ahmad","company":null,"blog":"","location":null,"email":null,"hireable":null,"bio":"I'm studying Electronics engineering and Web Development.","twitter_username":null,"public_repos":22,"public_gists":0,"followers":5,"following":125,"created_at":"2020-03-25T09:37:29Z","updated_at":"2021-10-02T07:34:15Z","private_gists":0,"total_private_repos":31,"owned_private_repos":31,"disk_usage":261889,"collaborators":0,"two_factor_authentication":false,"plan":{"name":"free","space":976562499,"collaborators":0,"private_repos":10000}}
[info] 
[info] +  Success! Logged into GitHub as haris18896 
[info] 
[debug] [2021-10-06T08:57:19.706Z] >>> [apiv2][query] GET https://api.github.com/repos/haris18896/4_connecting_frontend_to_backend/actions/secrets/public-key type=owner
[debug] [2021-10-06T08:57:20.186Z] <<< [apiv2][status] GET https://api.github.com/repos/haris18896/4_connecting_frontend_to_backend/actions/secrets/public-key 404
[debug] [2021-10-06T08:57:20.187Z] <<< [apiv2][body] GET https://api.github.com/repos/haris18896/4_connecting_frontend_to_backend/actions/secrets/public-key {"message":"Not Found","documentation_url":"https://docs.github.com/rest/reference/actions#get-a-repository-public-key"}
[debug] [2021-10-06T08:57:44.871Z] >>> [apiv2][query] GET https://api.github.com/repos/haris18896/4_connecting_frontend_to_backend/actions/secrets/public-key type=owner
[debug] [2021-10-06T08:57:45.462Z] <<< [apiv2][status] GET https://api.github.com/repos/haris18896/4_connecting_frontend_to_backend/actions/secrets/public-key 404
[debug] [2021-10-06T08:57:45.462Z] <<< [apiv2][body] GET https://api.github.com/repos/haris18896/4_connecting_frontend_to_backend/actions/secrets/public-key {"message":"Not Found","documentation_url":"https://docs.github.com/rest/reference/actions#get-a-repository-public-key"}
